{
  "RSpec": {
    "coverage": {
      "/Users/rob/Drive/makers/proper/week1/airport_challenge/spec/air_traffic_controller_spec.rb": [
        1,
        null,
        1,
        1,
        8,
        8,
        null,
        9,
        1,
        1,
        1,
        null,
        1,
        1,
        1,
        1,
        null,
        1,
        1,
        1,
        1,
        1,
        1,
        1,
        null,
        1,
        1,
        1,
        1,
        1,
        1,
        null,
        1,
        1,
        1,
        1,
        1,
        1,
        1,
        1,
        1,
        null,
        1,
        1,
        1,
        1,
        2,
        1,
        null,
        1,
        1,
        2,
        2,
        null,
        1,
        1,
        2,
        2,
        null,
        null
      ],
      "/Users/rob/Drive/makers/proper/week1/airport_challenge/lib/airport.rb": [
        1,
        1,
        1,
        null,
        1,
        1,
        null,
        1,
        null,
        1,
        25,
        25,
        25,
        null,
        null,
        1,
        57,
        47,
        46,
        45,
        45,
        10,
        10,
        9,
        9,
        null,
        null,
        null,
        1,
        null,
        1,
        46,
        null,
        null,
        1,
        10,
        null,
        null,
        1,
        47,
        null,
        null,
        null
      ],
      "/Users/rob/Drive/makers/proper/week1/airport_challenge/lib/air_traffic_controller.rb": [
        1,
        1,
        null,
        1,
        21,
        null,
        null,
        1,
        1,
        null,
        null,
        1,
        9,
        9,
        null,
        null,
        1,
        12,
        12,
        null,
        null
      ],
      "/Users/rob/Drive/makers/proper/week1/airport_challenge/lib/plane.rb": [
        1,
        1,
        1,
        null,
        1,
        43,
        43,
        43,
        43,
        43,
        null,
        null,
        1,
        11,
        10,
        10,
        9,
        9,
        null,
        null,
        1,
        9,
        8,
        8,
        6,
        6,
        null,
        null,
        1,
        null,
        1,
        11,
        null,
        null,
        1,
        1,
        null,
        null,
        1,
        9,
        null,
        null,
        1,
        1,
        null,
        null
      ],
      "/Users/rob/Drive/makers/proper/week1/airport_challenge/lib/weather.rb": [
        1,
        1,
        null,
        1,
        null,
        1,
        4,
        null,
        null,
        1,
        4,
        null,
        null
      ],
      "/Users/rob/Drive/makers/proper/week1/airport_challenge/spec/airport_feature_spec.rb": [
        1,
        1,
        null,
        1,
        1,
        1,
        1,
        1,
        null,
        null,
        1,
        1,
        1,
        null,
        null,
        1,
        11,
        1,
        null,
        null,
        1,
        1,
        3,
        3,
        3,
        3,
        null,
        null,
        null,
        1,
        1,
        3,
        3,
        3,
        3,
        null,
        null,
        null
      ],
      "/Users/rob/Drive/makers/proper/week1/airport_challenge/spec/airport_spec.rb": [
        1,
        null,
        1,
        1,
        1,
        5,
        5,
        5,
        null,
        1,
        1,
        null,
        1,
        1,
        1,
        null,
        1,
        1,
        1,
        null,
        1,
        1,
        2,
        null,
        1,
        1,
        1,
        1,
        2,
        null,
        null,
        1,
        1,
        1,
        11,
        1,
        1,
        2,
        null,
        null,
        null
      ],
      "/Users/rob/Drive/makers/proper/week1/airport_challenge/spec/plane_spec.rb": [
        1,
        null,
        1,
        1,
        6,
        6,
        6,
        null,
        1,
        1,
        1,
        null,
        1,
        1,
        1,
        2,
        null,
        1,
        1,
        1,
        1,
        null,
        1,
        1,
        1,
        null,
        1,
        2,
        null,
        1,
        1,
        1,
        1,
        null,
        null
      ],
      "/Users/rob/Drive/makers/proper/week1/airport_challenge/spec/weather_spec.rb": [
        1,
        null,
        1,
        1,
        1,
        1,
        null,
        1,
        2,
        1,
        null,
        1,
        2,
        1,
        null,
        null
      ]
    },
    "timestamp": 1483959441
  }
}
